21.12.2016[LinqToExcel.Query.ExcelQueryExecutor][ValidateArgs][DEBUG]-ExcelQueryArgs = FileName: 'C:\Development\SanjayKumar\TradePro 7.6 UI\TradeProTests\TestDataAccess\TPMFS_TestCaseReconstruction.xlsx'; WorksheetName: 'TestUploadData'; WorksheetIndex: ; StartRange: ; EndRange: ; Named Range: ; NoHeader: False; ColumnMappings: ; Transformations: , StrictMapping: None, UsePersistentConnection: False, TrimSpaces: None-
21.12.2016[LinqToExcel.Query.ExcelQueryExecutor][.ctor][DEBUG]-Connection String: Provider=Microsoft.ACE.OLEDB.12.0;Data Source=C:\Development\SanjayKumar\TradePro 7.6 UI\TradeProTests\TestDataAccess\TPMFS_TestCaseReconstruction.xlsx;Extended Properties="Excel 12.0 Xml;HDR=YES;IMEX=1"-
21.12.2016[LinqToExcel.Query.ExcelQueryExecutor][LogSqlStatement][DEBUG]-SELECT * FROM [TestUploadData$];-
21.12.2016[LinqToExcel.Query.ExcelQueryExecutor][ValidateArgs][DEBUG]-ExcelQueryArgs = FileName: 'C:\Development\SanjayKumar\TradePro 7.6 UI\TradeProTests\TestDataAccess\UserMfgLogin_Metadata.xlsx'; WorksheetName: 'Manufacturer_Settings'; WorksheetIndex: ; StartRange: ; EndRange: ; Named Range: ; NoHeader: False; ColumnMappings: ; Transformations: , StrictMapping: None, UsePersistentConnection: False, TrimSpaces: None-
21.12.2016[LinqToExcel.Query.ExcelQueryExecutor][.ctor][DEBUG]-Connection String: Provider=Microsoft.ACE.OLEDB.12.0;Data Source=C:\Development\SanjayKumar\TradePro 7.6 UI\TradeProTests\TestDataAccess\UserMfgLogin_Metadata.xlsx;Extended Properties="Excel 12.0 Xml;HDR=YES;IMEX=1"-
21.12.2016[LinqToExcel.Query.ExcelQueryExecutor][LogSqlStatement][DEBUG]-SELECT * FROM [Manufacturer_Settings$];-
21.12.2016[LinqToExcel.Query.ExcelQueryExecutor][ValidateArgs][DEBUG]-ExcelQueryArgs = FileName: 'C:\Development\SanjayKumar\TradePro 7.6 UI\TradeProTests\TestDataAccess\UserMfgLogin_Metadata.xlsx'; WorksheetName: 'User_Info'; WorksheetIndex: ; StartRange: ; EndRange: ; Named Range: ; NoHeader: False; ColumnMappings: ; Transformations: , StrictMapping: None, UsePersistentConnection: False, TrimSpaces: None-
21.12.2016[LinqToExcel.Query.ExcelQueryExecutor][.ctor][DEBUG]-Connection String: Provider=Microsoft.ACE.OLEDB.12.0;Data Source=C:\Development\SanjayKumar\TradePro 7.6 UI\TradeProTests\TestDataAccess\UserMfgLogin_Metadata.xlsx;Extended Properties="Excel 12.0 Xml;HDR=YES;IMEX=1"-
21.12.2016[LinqToExcel.Query.ExcelQueryExecutor][LogSqlStatement][DEBUG]-SELECT * FROM [User_Info$] WHERE ([Email] = ?); p0 = 'Automation.tester@afsi.com';-
21.12.2016[LinqToExcel.Query.ExcelQueryExecutor][ValidateArgs][DEBUG]-ExcelQueryArgs = FileName: 'C:\Development\SanjayKumar\TradePro 7.6 UI\TradeProTests\TestDataAccess\UserMfgLogin_Metadata.xlsx'; WorksheetName: 'User_Settings'; WorksheetIndex: ; StartRange: ; EndRange: ; Named Range: ; NoHeader: False; ColumnMappings: ; Transformations: , StrictMapping: None, UsePersistentConnection: False, TrimSpaces: None-
21.12.2016[LinqToExcel.Query.ExcelQueryExecutor][.ctor][DEBUG]-Connection String: Provider=Microsoft.ACE.OLEDB.12.0;Data Source=C:\Development\SanjayKumar\TradePro 7.6 UI\TradeProTests\TestDataAccess\UserMfgLogin_Metadata.xlsx;Extended Properties="Excel 12.0 Xml;HDR=YES;IMEX=1"-
21.12.2016[LinqToExcel.Query.ExcelQueryExecutor][LogSqlStatement][DEBUG]-SELECT * FROM [User_Settings$];-
21.12.2016[TradeProTests.Test.HomeDashboardTest][TC36_AFSCommentTabVisibilities][INFO]-User ID:Automation.tester@afsi.com According to user level AFS comments tab will be visible and editable.-
21.12.2016[TradeProTests.Test.HomeDashboardTest][TC36_AFSCommentTabVisibilities][INFO]-Not Applicable for this User ID:Automation.tester@afsi.com The testcase based on ROLE_AFS_COMMENTS_VIEW is true ROLE_AFS_COMMENTS_EDIT is false and Vice versa. -
21.12.2016[LinqToExcel.Query.ExcelQueryExecutor][ValidateArgs][DEBUG]-ExcelQueryArgs = FileName: 'C:\Development\SanjayKumar\TradePro 7.6 UI\TradeProTests\TestDataAccess\UserMfgLogin_Metadata.xlsx'; WorksheetName: 'Manufacturer_Settings'; WorksheetIndex: ; StartRange: ; EndRange: ; Named Range: ; NoHeader: False; ColumnMappings: ; Transformations: , StrictMapping: None, UsePersistentConnection: False, TrimSpaces: None-
21.12.2016[LinqToExcel.Query.ExcelQueryExecutor][.ctor][DEBUG]-Connection String: Provider=Microsoft.ACE.OLEDB.12.0;Data Source=C:\Development\SanjayKumar\TradePro 7.6 UI\TradeProTests\TestDataAccess\UserMfgLogin_Metadata.xlsx;Extended Properties="Excel 12.0 Xml;HDR=YES;IMEX=1"-
21.12.2016[LinqToExcel.Query.ExcelQueryExecutor][LogSqlStatement][DEBUG]-SELECT * FROM [Manufacturer_Settings$];-
21.12.2016[LinqToExcel.Query.ExcelQueryExecutor][ValidateArgs][DEBUG]-ExcelQueryArgs = FileName: 'C:\Development\SanjayKumar\TradePro 7.6 UI\TradeProTests\TestDataAccess\UserMfgLogin_Metadata.xlsx'; WorksheetName: 'User_Info'; WorksheetIndex: ; StartRange: ; EndRange: ; Named Range: ; NoHeader: False; ColumnMappings: ; Transformations: , StrictMapping: None, UsePersistentConnection: False, TrimSpaces: None-
21.12.2016[LinqToExcel.Query.ExcelQueryExecutor][.ctor][DEBUG]-Connection String: Provider=Microsoft.ACE.OLEDB.12.0;Data Source=C:\Development\SanjayKumar\TradePro 7.6 UI\TradeProTests\TestDataAccess\UserMfgLogin_Metadata.xlsx;Extended Properties="Excel 12.0 Xml;HDR=YES;IMEX=1"-
21.12.2016[LinqToExcel.Query.ExcelQueryExecutor][LogSqlStatement][DEBUG]-SELECT * FROM [User_Info$] WHERE ([Email] = ?); p0 = 'Automation.tester@afsi.com';-
21.12.2016[LinqToExcel.Query.ExcelQueryExecutor][ValidateArgs][DEBUG]-ExcelQueryArgs = FileName: 'C:\Development\SanjayKumar\TradePro 7.6 UI\TradeProTests\TestDataAccess\UserMfgLogin_Metadata.xlsx'; WorksheetName: 'User_Settings'; WorksheetIndex: ; StartRange: ; EndRange: ; Named Range: ; NoHeader: False; ColumnMappings: ; Transformations: , StrictMapping: None, UsePersistentConnection: False, TrimSpaces: None-
21.12.2016[LinqToExcel.Query.ExcelQueryExecutor][.ctor][DEBUG]-Connection String: Provider=Microsoft.ACE.OLEDB.12.0;Data Source=C:\Development\SanjayKumar\TradePro 7.6 UI\TradeProTests\TestDataAccess\UserMfgLogin_Metadata.xlsx;Extended Properties="Excel 12.0 Xml;HDR=YES;IMEX=1"-
21.12.2016[LinqToExcel.Query.ExcelQueryExecutor][LogSqlStatement][DEBUG]-SELECT * FROM [User_Settings$];-
21.12.2016[TradeProTests.Test.HomeDashboardTest][TC36_AFSCommentTabVisibilities][INFO]-User ID:Automation.tester@afsi.com According the user level AFS comments tab will be visible and editable.-
21.12.2016[TradeProTests.Test.HomeDashboardTest][TC36_AFSCommentTabVisibilities][INFO]-Not Applicable for this User ID:Automation.tester@afsi.com The testcase based on ROL is false E_AFS_COMMENTS_VIEW ROLE_AFS_COMMENTS_EDIT is false and Vice Versa.-
